<?xml version="1.0" encoding="UTF-8" ?>
<testsuites errors="4"
            failures="1"
            tests="5">

  <testsuite name="login"
    errors="4" failures="1" hostname="" id="" package="basicTests" skipped="0"
    tests="5" time="16.30" timestamp="Sun, 12 Nov 2017 20:20:26 GMT">
  
    <testcase name="Login Page Initial Render" time="2.678" assertions="5">  <failure message="Testing if element &lt;#username&gt; is visible. Element could not be located.">    at Object.module.exports.Login Page Initial Render (/Users/erasmodominguezjimenez/Public/Aida/DevOps/devops/nightwatch-selenium/tests/basicTests/login.js:7:15)
    at Module.call (/Users/erasmodominguezjimenez/Public/Aida/DevOps/devops/nightwatch-selenium/node_modules/nightwatch/lib/runner/module.js:63:34)
    at /Users/erasmodominguezjimenez/Public/Aida/DevOps/devops/nightwatch-selenium/node_modules/nightwatch/lib/runner/testcase.js:97:29
    at _fulfilled (/Users/erasmodominguezjimenez/Public/Aida/DevOps/devops/nightwatch-selenium/node_modules/q/q.js:854:54)
    at self.promiseDispatch.done (/Users/erasmodominguezjimenez/Public/Aida/DevOps/devops/nightwatch-selenium/node_modules/q/q.js:883:30)
    at Promise.promise.promiseDispatch (/Users/erasmodominguezjimenez/Public/Aida/DevOps/devops/nightwatch-selenium/node_modules/q/q.js:816:13)
    at /Users/erasmodominguezjimenez/Public/Aida/DevOps/devops/nightwatch-selenium/node_modules/q/q.js:570:49
    at runSingle (/Users/erasmodominguezjimenez/Public/Aida/DevOps/devops/nightwatch-selenium/node_modules/q/q.js:137:13)
    at flush (/Users/erasmodominguezjimenez/Public/Aida/DevOps/devops/nightwatch-selenium/node_modules/q/q.js:125:13)
    at nextTickCallbackWith0Args (node.js:415:9)</failure>
<system-out>[[ATTACHMENT|/Users/erasmodominguezjimenez/Public/Aida/DevOps/devops/nightwatch-selenium/basicTests/login/Login-Page-Initial-Render_ERROR_Nov-12-2017-202028-GMT+0000.png]]</system-out>
      <failure message="Testing if element &lt;#password&gt; is visible. Element could not be located.">    at Object.module.exports.Login Page Initial Render (/Users/erasmodominguezjimenez/Public/Aida/DevOps/devops/nightwatch-selenium/tests/basicTests/login.js:8:15)
    at Module.call (/Users/erasmodominguezjimenez/Public/Aida/DevOps/devops/nightwatch-selenium/node_modules/nightwatch/lib/runner/module.js:63:34)
    at /Users/erasmodominguezjimenez/Public/Aida/DevOps/devops/nightwatch-selenium/node_modules/nightwatch/lib/runner/testcase.js:97:29
    at _fulfilled (/Users/erasmodominguezjimenez/Public/Aida/DevOps/devops/nightwatch-selenium/node_modules/q/q.js:854:54)
    at self.promiseDispatch.done (/Users/erasmodominguezjimenez/Public/Aida/DevOps/devops/nightwatch-selenium/node_modules/q/q.js:883:30)
    at Promise.promise.promiseDispatch (/Users/erasmodominguezjimenez/Public/Aida/DevOps/devops/nightwatch-selenium/node_modules/q/q.js:816:13)
    at /Users/erasmodominguezjimenez/Public/Aida/DevOps/devops/nightwatch-selenium/node_modules/q/q.js:570:49
    at runSingle (/Users/erasmodominguezjimenez/Public/Aida/DevOps/devops/nightwatch-selenium/node_modules/q/q.js:137:13)
    at flush (/Users/erasmodominguezjimenez/Public/Aida/DevOps/devops/nightwatch-selenium/node_modules/q/q.js:125:13)
    at nextTickCallbackWith0Args (node.js:415:9)</failure>
<system-out>[[ATTACHMENT|/Users/erasmodominguezjimenez/Public/Aida/DevOps/devops/nightwatch-selenium/basicTests/login/Login-Page-Initial-Render_ERROR_Nov-12-2017-202029-GMT+0000.png]]</system-out>
    

      <failure message="Testing if value of &lt;input[type=submit]&gt; equals: &quot;Log In&quot;. Element or attribute could not be located.">    at Object.module.exports.Login Page Initial Render (/Users/erasmodominguezjimenez/Public/Aida/DevOps/devops/nightwatch-selenium/tests/basicTests/login.js:9:15)
    at Module.call (/Users/erasmodominguezjimenez/Public/Aida/DevOps/devops/nightwatch-selenium/node_modules/nightwatch/lib/runner/module.js:63:34)
    at /Users/erasmodominguezjimenez/Public/Aida/DevOps/devops/nightwatch-selenium/node_modules/nightwatch/lib/runner/testcase.js:97:29
    at _fulfilled (/Users/erasmodominguezjimenez/Public/Aida/DevOps/devops/nightwatch-selenium/node_modules/q/q.js:854:54)
    at self.promiseDispatch.done (/Users/erasmodominguezjimenez/Public/Aida/DevOps/devops/nightwatch-selenium/node_modules/q/q.js:883:30)
    at Promise.promise.promiseDispatch (/Users/erasmodominguezjimenez/Public/Aida/DevOps/devops/nightwatch-selenium/node_modules/q/q.js:816:13)
    at /Users/erasmodominguezjimenez/Public/Aida/DevOps/devops/nightwatch-selenium/node_modules/q/q.js:570:49
    at runSingle (/Users/erasmodominguezjimenez/Public/Aida/DevOps/devops/nightwatch-selenium/node_modules/q/q.js:137:13)
    at flush (/Users/erasmodominguezjimenez/Public/Aida/DevOps/devops/nightwatch-selenium/node_modules/q/q.js:125:13)
    at nextTickCallbackWith0Args (node.js:415:9)</failure>
<system-out>[[ATTACHMENT|/Users/erasmodominguezjimenez/Public/Aida/DevOps/devops/nightwatch-selenium/basicTests/login/Login-Page-Initial-Render_ERROR_Nov-12-2017-202029-GMT+0000.png]]</system-out>
    

    
    </testcase>
  
    <testcase name="Try to login with no username or password" time="3.353" assertions="4">

    

    

    

    
    </testcase>
  
    <testcase name="Try to login with a username and no password" time="3.484" assertions="4">

    

    

    

    
    </testcase>
  
    <testcase name="Try to login with a password and no username" time="3.252" assertions="4">

    

    

    

    
    </testcase>
  
    <testcase name="Enter wrong username and password" time="3.529" assertions="4">

    

    

    

    
    </testcase>
  
  
  </testsuite>
</testsuites>
